{"/Users/rush/Coding/Personal/react-pokemon-showroom/src/App.tsx": {"path":"/Users/rush/Coding/Personal/react-pokemon-showroom/src/App.tsx","statementMap":{"0":{"start":{"line":1,"column":0},"end":{"line":1,"column":39}},"1":{"start":{"line":2,"column":0},"end":{"line":2,"column":19}},"2":{"start":{"line":3,"column":0},"end":{"line":3,"column":58}},"3":{"start":{"line":4,"column":0},"end":{"line":4,"column":62}},"4":{"start":{"line":5,"column":0},"end":{"line":5,"column":28}},"5":{"start":{"line":6,"column":0},"end":{"line":6,"column":71}},"6":{"start":{"line":7,"column":0},"end":{"line":7,"column":41}},"7":{"start":{"line":8,"column":0},"end":{"line":8,"column":49}},"8":{"start":{"line":10,"column":15},"end":{"line":17,"column":2}},"9":{"start":{"line":20,"column":1},"end":{"line":24,"column":3}},"10":{"start":{"line":27,"column":0},"end":{"line":27,"column":19}}},"fnMap":{"0":{"name":"App","decl":{"start":{"line":19,"column":9},"end":{"line":19,"column":12}},"loc":{"start":{"line":19,"column":12},"end":{"line":25,"column":1}}}},"branchMap":{},"s":{"0":1,"1":1,"2":1,"3":1,"4":1,"5":1,"6":1,"7":1,"8":1,"9":1,"10":1},"f":{"0":1},"b":{}}
,"/Users/rush/Coding/Personal/react-pokemon-showroom/src/__test__/data/pokemonShowroom/index.ts": {"path":"/Users/rush/Coding/Personal/react-pokemon-showroom/src/__test__/data/pokemonShowroom/index.ts","statementMap":{"0":{"start":{"line":1,"column":13},"end":{"line":120,"column":2}},"1":{"start":{"line":122,"column":13},"end":{"line":126,"column":2}},"2":{"start":{"line":128,"column":13},"end":{"line":132,"column":2}},"3":{"start":{"line":134,"column":13},"end":{"line":138,"column":2}},"4":{"start":{"line":140,"column":13},"end":{"line":42486,"column":2}}},"fnMap":{},"branchMap":{},"s":{"0":1,"1":1,"2":1,"3":1,"4":1},"f":{},"b":{}}
,"/Users/rush/Coding/Personal/react-pokemon-showroom/src/components/BackToIndex.tsx": {"path":"/Users/rush/Coding/Personal/react-pokemon-showroom/src/components/BackToIndex.tsx","statementMap":{"0":{"start":{"line":1,"column":0},"end":{"line":1,"column":40}},"1":{"start":{"line":3,"column":20},"end":{"line":5,"column":1}},"2":{"start":{"line":4,"column":1},"end":{"line":4,"column":41}},"3":{"start":{"line":7,"column":0},"end":{"line":7,"column":27}}},"fnMap":{"0":{"name":"(anonymous_0)","decl":{"start":{"line":3,"column":20},"end":{"line":3,"column":23}},"loc":{"start":{"line":3,"column":25},"end":{"line":5,"column":1}}}},"branchMap":{},"s":{"0":5,"1":5,"2":14,"3":5},"f":{"0":14},"b":{}}
,"/Users/rush/Coding/Personal/react-pokemon-showroom/src/components/Layout.tsx": {"path":"/Users/rush/Coding/Personal/react-pokemon-showroom/src/components/Layout.tsx","statementMap":{"0":{"start":{"line":1,"column":0},"end":{"line":1,"column":48}},"1":{"start":{"line":3,"column":15},"end":{"line":19,"column":1}},"2":{"start":{"line":4,"column":1},"end":{"line":18,"column":3}},"3":{"start":{"line":21,"column":0},"end":{"line":21,"column":22}}},"fnMap":{"0":{"name":"(anonymous_0)","decl":{"start":{"line":3,"column":15},"end":{"line":3,"column":18}},"loc":{"start":{"line":3,"column":20},"end":{"line":19,"column":1}}}},"branchMap":{},"s":{"0":1,"1":1,"2":1,"3":1},"f":{"0":1},"b":{}}
,"/Users/rush/Coding/Personal/react-pokemon-showroom/src/data/gen-1-pokemons.ts": {"path":"/Users/rush/Coding/Personal/react-pokemon-showroom/src/data/gen-1-pokemons.ts","statementMap":{"0":{"start":{"line":1,"column":0},"end":{"line":153,"column":2}}},"fnMap":{},"branchMap":{},"s":{"0":2},"f":{},"b":{}}
,"/Users/rush/Coding/Personal/react-pokemon-showroom/src/data/initialShowroomPokemons.ts": {"path":"/Users/rush/Coding/Personal/react-pokemon-showroom/src/data/initialShowroomPokemons.ts","statementMap":{"0":{"start":{"line":1,"column":0},"end":{"line":68,"column":2}}},"fnMap":{},"branchMap":{},"s":{"0":6},"f":{},"b":{}}
,"/Users/rush/Coding/Personal/react-pokemon-showroom/src/features/pokemon-showroom/index.ts": {"path":"/Users/rush/Coding/Personal/react-pokemon-showroom/src/features/pokemon-showroom/index.ts","statementMap":{"0":{"start":{"line":1,"column":0},"end":{"line":1,"column":7}},"1":{"start":{"line":3,"column":9},"end":{"line":1,"column":59}}},"fnMap":{},"branchMap":{},"s":{"0":2,"1":2},"f":{},"b":{}}
,"/Users/rush/Coding/Personal/react-pokemon-showroom/src/features/pokemon-showroom/components/PokemonShowroom.tsx": {"path":"/Users/rush/Coding/Personal/react-pokemon-showroom/src/features/pokemon-showroom/components/PokemonShowroom.tsx","statementMap":{"0":{"start":{"line":1,"column":0},"end":{"line":1,"column":55}},"1":{"start":{"line":2,"column":0},"end":{"line":2,"column":null}},"2":{"start":{"line":7,"column":0},"end":{"line":7,"column":null}},"3":{"start":{"line":12,"column":0},"end":{"line":12,"column":58}},"4":{"start":{"line":20,"column":18},"end":{"line":20,"column":44}},"5":{"start":{"line":21,"column":58},"end":{"line":22,"column":null}},"6":{"start":{"line":22,"column":24},"end":{"line":22,"column":50}},"7":{"start":{"line":24,"column":1},"end":{"line":60,"column":3}},"8":{"start":{"line":30,"column":5},"end":{"line":35,"column":7}},"9":{"start":{"line":43,"column":38},"end":{"line":45,"column":null}},"10":{"start":{"line":48,"column":6},"end":{"line":48,"column":60}},"11":{"start":{"line":50,"column":6},"end":{"line":52,"column":8}},"12":{"start":{"line":63,"column":0},"end":{"line":63,"column":31}}},"fnMap":{"0":{"name":"PokemonShowroom","decl":{"start":{"line":19,"column":9},"end":{"line":19,"column":24}},"loc":{"start":{"line":19,"column":52},"end":{"line":61,"column":1}}},"1":{"name":"(anonymous_1)","decl":{"start":{"line":22,"column":2},"end":{"line":22,"column":3}},"loc":{"start":{"line":22,"column":24},"end":{"line":22,"column":50}}},"2":{"name":"(anonymous_2)","decl":{"start":{"line":29,"column":22},"end":{"line":29,"column":29}},"loc":{"start":{"line":29,"column":32},"end":{"line":36,"column":5}}},"3":{"name":"(anonymous_3)","decl":{"start":{"line":42,"column":14},"end":{"line":42,"column":17}},"loc":{"start":{"line":42,"column":19},"end":{"line":53,"column":6}}}},"branchMap":{"0":{"loc":{"start":{"line":55,"column":6},"end":{"line":55,"column":55}},"type":"cond-expr","locations":[{"start":{"line":55,"column":18},"end":{"line":55,"column":30}},{"start":{"line":55,"column":33},"end":{"line":55,"column":55}}]}},"s":{"0":3,"1":3,"2":3,"3":3,"4":2,"5":2,"6":4,"7":2,"8":6,"9":1,"10":1,"11":1,"12":3},"f":{"0":2,"1":4,"2":6,"3":1},"b":{"0":[0,2]}}
,"/Users/rush/Coding/Personal/react-pokemon-showroom/src/features/search-pokemon/index.ts": {"path":"/Users/rush/Coding/Personal/react-pokemon-showroom/src/features/search-pokemon/index.ts","statementMap":{"0":{"start":{"line":1,"column":0},"end":{"line":1,"column":7}},"1":{"start":{"line":3,"column":9},"end":{"line":1,"column":55}}},"fnMap":{},"branchMap":{},"s":{"0":3,"1":3},"f":{},"b":{}}
,"/Users/rush/Coding/Personal/react-pokemon-showroom/src/features/search-pokemon/components/SearchPokemon.tsx": {"path":"/Users/rush/Coding/Personal/react-pokemon-showroom/src/features/search-pokemon/components/SearchPokemon.tsx","statementMap":{"0":{"start":{"line":1,"column":0},"end":{"line":1,"column":55}},"1":{"start":{"line":3,"column":0},"end":{"line":3,"column":44}},"2":{"start":{"line":4,"column":0},"end":{"line":4,"column":26}},"3":{"start":{"line":5,"column":0},"end":{"line":5,"column":55}},"4":{"start":{"line":6,"column":0},"end":{"line":6,"column":66}},"5":{"start":{"line":7,"column":0},"end":{"line":7,"column":61}},"6":{"start":{"line":8,"column":0},"end":{"line":8,"column":58}},"7":{"start":{"line":10,"column":0},"end":{"line":10,"column":68}},"8":{"start":{"line":17,"column":1},"end":{"line":22,"column":2}},"9":{"start":{"line":18,"column":2},"end":{"line":20,"column":3}},"10":{"start":{"line":19,"column":3},"end":{"line":19,"column":25}},"11":{"start":{"line":21,"column":2},"end":{"line":21,"column":22}},"12":{"start":{"line":23,"column":1},"end":{"line":23,"column":22}},"13":{"start":{"line":27,"column":25},"end":{"line":28,"column":null}},"14":{"start":{"line":28,"column":24},"end":{"line":28,"column":45}},"15":{"start":{"line":30,"column":18},"end":{"line":30,"column":44}},"16":{"start":{"line":31,"column":43},"end":{"line":31,"column":55}},"17":{"start":{"line":32,"column":57},"end":{"line":32,"column":72}},"18":{"start":{"line":34,"column":1},"end":{"line":57,"column":23}},"19":{"start":{"line":35,"column":2},"end":{"line":38,"column":3}},"20":{"start":{"line":36,"column":3},"end":{"line":36,"column":24}},"21":{"start":{"line":37,"column":3},"end":{"line":37,"column":10}},"22":{"start":{"line":40,"column":26},"end":{"line":40,"column":47}},"23":{"start":{"line":42,"column":2},"end":{"line":54,"column":7}},"24":{"start":{"line":43,"column":3},"end":{"line":43,"column":33}},"25":{"start":{"line":44,"column":3},"end":{"line":53,"column":4}},"26":{"start":{"line":45,"column":21},"end":{"line":47,"column":null}},"27":{"start":{"line":49,"column":4},"end":{"line":49,"column":49}},"28":{"start":{"line":50,"column":4},"end":{"line":50,"column":35}},"29":{"start":{"line":52,"column":4},"end":{"line":52,"column":35}},"30":{"start":{"line":56,"column":2},"end":{"line":56,"column":39}},"31":{"start":{"line":56,"column":15},"end":{"line":56,"column":38}},"32":{"start":{"line":59,"column":1},"end":{"line":96,"column":3}},"33":{"start":{"line":85,"column":7},"end":{"line":85,"column":52}},"34":{"start":{"line":99,"column":0},"end":{"line":99,"column":29}}},"fnMap":{"0":{"name":"displaySprite","decl":{"start":{"line":12,"column":9},"end":{"line":12,"column":22}},"loc":{"start":{"line":15,"column":24},"end":{"line":24,"column":1}}},"1":{"name":"SearchPokemon","decl":{"start":{"line":26,"column":9},"end":{"line":26,"column":22}},"loc":{"start":{"line":26,"column":22},"end":{"line":97,"column":1}}},"2":{"name":"(anonymous_2)","decl":{"start":{"line":28,"column":2},"end":{"line":28,"column":3}},"loc":{"start":{"line":28,"column":24},"end":{"line":28,"column":45}}},"3":{"name":"(anonymous_3)","decl":{"start":{"line":34,"column":11},"end":{"line":34,"column":14}},"loc":{"start":{"line":34,"column":16},"end":{"line":57,"column":2}}},"4":{"name":"(anonymous_4)","decl":{"start":{"line":42,"column":3},"end":{"line":42,"column":8}},"loc":{"start":{"line":42,"column":14},"end":{"line":54,"column":3}}},"5":{"name":"(anonymous_5)","decl":{"start":{"line":56,"column":9},"end":{"line":56,"column":12}},"loc":{"start":{"line":56,"column":15},"end":{"line":56,"column":38}}},"6":{"name":"(anonymous_6)","decl":{"start":{"line":84,"column":16},"end":{"line":84,"column":17}},"loc":{"start":{"line":84,"column":20},"end":{"line":86,"column":7}}}},"branchMap":{"0":{"loc":{"start":{"line":17,"column":1},"end":{"line":22,"column":2}},"type":"if","locations":[{"start":{"line":17,"column":1},"end":{"line":22,"column":2}}]},"1":{"loc":{"start":{"line":18,"column":2},"end":{"line":20,"column":3}},"type":"if","locations":[{"start":{"line":18,"column":2},"end":{"line":20,"column":3}}]},"2":{"loc":{"start":{"line":35,"column":2},"end":{"line":38,"column":3}},"type":"if","locations":[{"start":{"line":35,"column":2},"end":{"line":38,"column":3}}]},"3":{"loc":{"start":{"line":74,"column":6},"end":{"line":76,"column":21}},"type":"cond-expr","locations":[{"start":{"line":75,"column":8},"end":{"line":75,"column":46}},{"start":{"line":76,"column":8},"end":{"line":76,"column":21}}]}},"s":{"0":3,"1":3,"2":3,"3":3,"4":3,"5":3,"6":3,"7":3,"8":13,"9":6,"10":6,"11":0,"12":7,"13":13,"14":18,"15":13,"16":13,"17":13,"18":13,"19":5,"20":0,"21":0,"22":5,"23":5,"24":5,"25":5,"26":5,"27":3,"28":3,"29":2,"30":5,"31":5,"32":13,"33":3,"34":3},"f":{"0":13,"1":13,"2":18,"3":5,"4":5,"5":5,"6":3},"b":{"0":[6],"1":[6],"2":[0],"3":[13,0]}}
,"/Users/rush/Coding/Personal/react-pokemon-showroom/src/store/index.ts": {"path":"/Users/rush/Coding/Personal/react-pokemon-showroom/src/store/index.ts","statementMap":{"0":{"start":{"line":1,"column":0},"end":{"line":1,"column":50}},"1":{"start":{"line":2,"column":0},"end":{"line":2,"column":57}},"2":{"start":{"line":3,"column":0},"end":{"line":3,"column":62}},"3":{"start":{"line":5,"column":14},"end":{"line":10,"column":2}},"4":{"start":{"line":18,"column":0},"end":{"line":18,"column":21}}},"fnMap":{},"branchMap":{},"s":{"0":4,"1":4,"2":4,"3":4,"4":4},"f":{},"b":{}}
,"/Users/rush/Coding/Personal/react-pokemon-showroom/src/store/pokemonShowroom.ts": {"path":"/Users/rush/Coding/Personal/react-pokemon-showroom/src/store/pokemonShowroom.ts","statementMap":{"0":{"start":{"line":1,"column":0},"end":{"line":1,"column":80}},"1":{"start":{"line":2,"column":0},"end":{"line":2,"column":70}},"2":{"start":{"line":3,"column":0},"end":{"line":3,"column":45}},"3":{"start":{"line":29,"column":13},"end":{"line":41,"column":2}},"4":{"start":{"line":32,"column":22},"end":{"line":32,"column":69}},"5":{"start":{"line":32,"column":51},"end":{"line":32,"column":68}},"6":{"start":{"line":34,"column":18},"end":{"line":36,"column":4}},"7":{"start":{"line":35,"column":3},"end":{"line":35,"column":25}},"8":{"start":{"line":38,"column":43},"end":{"line":38,"column":69}},"9":{"start":{"line":39,"column":2},"end":{"line":39,"column":52}},"10":{"start":{"line":39,"column":39},"end":{"line":39,"column":50}},"11":{"start":{"line":43,"column":13},"end":{"line":81,"column":3}},"12":{"start":{"line":52,"column":3},"end":{"line":52,"column":46}},"13":{"start":{"line":56,"column":2},"end":{"line":58,"column":5}},"14":{"start":{"line":57,"column":3},"end":{"line":57,"column":26}},"15":{"start":{"line":59,"column":2},"end":{"line":76,"column":5}},"16":{"start":{"line":60,"column":38},"end":{"line":60,"column":52}},"17":{"start":{"line":63,"column":4},"end":{"line":72,"column":6}},"18":{"start":{"line":64,"column":52},"end":{"line":69,"column":7}},"19":{"start":{"line":71,"column":5},"end":{"line":71,"column":31}},"20":{"start":{"line":74,"column":3},"end":{"line":74,"column":50}},"21":{"start":{"line":75,"column":3},"end":{"line":75,"column":27}},"22":{"start":{"line":77,"column":2},"end":{"line":79,"column":5}},"23":{"start":{"line":78,"column":3},"end":{"line":78,"column":27}},"24":{"start":{"line":83,"column":29},"end":{"line":83,"column":54}},"25":{"start":{"line":86,"column":9},"end":{"line":86,"column":16}},"26":{"start":{"line":85,"column":15},"end":{"line":85,"column":46}}},"fnMap":{"0":{"name":"(anonymous_0)","decl":{"start":{"line":31,"column":1},"end":{"line":31,"column":6}},"loc":{"start":{"line":31,"column":56},"end":{"line":40,"column":2}}},"1":{"name":"(anonymous_1)","decl":{"start":{"line":32,"column":40},"end":{"line":32,"column":47}},"loc":{"start":{"line":32,"column":51},"end":{"line":32,"column":68}}},"2":{"name":"(anonymous_2)","decl":{"start":{"line":34,"column":34},"end":{"line":34,"column":37}},"loc":{"start":{"line":34,"column":40},"end":{"line":36,"column":3}}},"3":{"name":"(anonymous_3)","decl":{"start":{"line":39,"column":29},"end":{"line":39,"column":35}},"loc":{"start":{"line":39,"column":39},"end":{"line":39,"column":50}}},"4":{"name":"(anonymous_4)","decl":{"start":{"line":51,"column":2},"end":{"line":51,"column":20}},"loc":{"start":{"line":51,"column":57},"end":{"line":53,"column":3}}},"5":{"name":"(anonymous_5)","decl":{"start":{"line":55,"column":16},"end":{"line":55,"column":23}},"loc":{"start":{"line":55,"column":26},"end":{"line":80,"column":2}}},"6":{"name":"(anonymous_6)","decl":{"start":{"line":56,"column":53},"end":{"line":56,"column":58}},"loc":{"start":{"line":56,"column":61},"end":{"line":58,"column":3}}},"7":{"name":"(anonymous_7)","decl":{"start":{"line":59,"column":55},"end":{"line":59,"column":56}},"loc":{"start":{"line":59,"column":73},"end":{"line":76,"column":3}}},"8":{"name":"(anonymous_8)","decl":{"start":{"line":63,"column":35},"end":{"line":63,"column":49}},"loc":{"start":{"line":63,"column":52},"end":{"line":72,"column":5}}},"9":{"name":"(anonymous_9)","decl":{"start":{"line":77,"column":54},"end":{"line":77,"column":59}},"loc":{"start":{"line":77,"column":62},"end":{"line":79,"column":3}}}},"branchMap":{"0":{"loc":{"start":{"line":32,"column":51},"end":{"line":32,"column":68}},"type":"binary-expr","locations":[{"start":{"line":32,"column":51},"end":{"line":32,"column":62}},{"start":{"line":32,"column":66},"end":{"line":32,"column":68}}]}},"s":{"0":6,"1":6,"2":6,"3":6,"4":3,"5":9,"6":3,"7":9,"8":3,"9":2,"10":5,"11":6,"12":1,"13":4,"14":2,"15":4,"16":1,"17":1,"18":3,"19":3,"20":1,"21":1,"22":4,"23":1,"24":6,"25":6,"26":6},"f":{"0":3,"1":9,"2":9,"3":5,"4":1,"5":4,"6":2,"7":1,"8":3,"9":1},"b":{"0":[9,3]}}
,"/Users/rush/Coding/Personal/react-pokemon-showroom/src/store/searchedPokemon.ts": {"path":"/Users/rush/Coding/Personal/react-pokemon-showroom/src/store/searchedPokemon.ts","statementMap":{"0":{"start":{"line":1,"column":0},"end":{"line":1,"column":62}},"1":{"start":{"line":3,"column":13},"end":{"line":11,"column":3}},"2":{"start":{"line":8,"column":3},"end":{"line":8,"column":25}},"3":{"start":{"line":13,"column":29},"end":{"line":13,"column":49}},"4":{"start":{"line":16,"column":9},"end":{"line":16,"column":16}},"5":{"start":{"line":15,"column":15},"end":{"line":15,"column":46}}},"fnMap":{"0":{"name":"(anonymous_0)","decl":{"start":{"line":7,"column":2},"end":{"line":7,"column":20}},"loc":{"start":{"line":7,"column":53},"end":{"line":9,"column":3}}}},"branchMap":{},"s":{"0":5,"1":5,"2":9,"3":5,"4":5,"5":5},"f":{"0":9},"b":{}}
,"/Users/rush/Coding/Personal/react-pokemon-showroom/src/utils/index.ts": {"path":"/Users/rush/Coding/Personal/react-pokemon-showroom/src/utils/index.ts","statementMap":{"0":{"start":{"line":4,"column":1},"end":{"line":4,"column":53}},"1":{"start":{"line":3,"column":0},"end":{"line":3,"column":16}},"2":{"start":{"line":12,"column":2},"end":{"line":12,"column":51}},"3":{"start":{"line":14,"column":1},"end":{"line":14,"column":34}},"4":{"start":{"line":7,"column":0},"end":{"line":7,"column":16}}},"fnMap":{"0":{"name":"capitalizeFirstLetter","decl":{"start":{"line":3,"column":16},"end":{"line":3,"column":37}},"loc":{"start":{"line":3,"column":50},"end":{"line":5,"column":1}}},"1":{"name":"getMoreThreePokemonsProfiles","decl":{"start":{"line":7,"column":16},"end":{"line":7,"column":44}},"loc":{"start":{"line":9,"column":30},"end":{"line":15,"column":1}}}},"branchMap":{},"s":{"0":20,"1":6,"2":1,"3":1,"4":6},"f":{"0":20,"1":1},"b":{}}
}
