{"/home/rush/Coding/react-pokemon-showroom/src/App.tsx": {"path":"/home/rush/Coding/react-pokemon-showroom/src/App.tsx","statementMap":{"0":{"start":{"line":1,"column":0},"end":{"line":1,"column":39}},"1":{"start":{"line":2,"column":0},"end":{"line":2,"column":19}},"2":{"start":{"line":3,"column":0},"end":{"line":3,"column":58}},"3":{"start":{"line":4,"column":0},"end":{"line":4,"column":62}},"4":{"start":{"line":5,"column":0},"end":{"line":5,"column":29}},"5":{"start":{"line":6,"column":0},"end":{"line":6,"column":71}},"6":{"start":{"line":7,"column":0},"end":{"line":7,"column":41}},"7":{"start":{"line":8,"column":0},"end":{"line":8,"column":54}},"8":{"start":{"line":10,"column":15},"end":{"line":17,"column":2}},"9":{"start":{"line":20,"column":1},"end":{"line":24,"column":3}},"10":{"start":{"line":27,"column":0},"end":{"line":27,"column":19}}},"fnMap":{"0":{"name":"App","decl":{"start":{"line":19,"column":9},"end":{"line":19,"column":12}},"loc":{"start":{"line":19,"column":12},"end":{"line":25,"column":1}}}},"branchMap":{},"s":{"0":0,"1":0,"2":0,"3":0,"4":0,"5":0,"6":0,"7":0,"8":0,"9":0,"10":0},"f":{"0":0},"b":{}}
,"/home/rush/Coding/react-pokemon-showroom/src/main.tsx": {"path":"/home/rush/Coding/react-pokemon-showroom/src/main.tsx","statementMap":{"0":{"start":{"line":1,"column":0},"end":{"line":1,"column":26}},"1":{"start":{"line":2,"column":0},"end":{"line":2,"column":40}},"2":{"start":{"line":3,"column":0},"end":{"line":3,"column":28}},"3":{"start":{"line":4,"column":0},"end":{"line":4,"column":21}},"4":{"start":{"line":5,"column":0},"end":{"line":5,"column":22}},"5":{"start":{"line":7,"column":0},"end":{"line":11,"column":2}}},"fnMap":{},"branchMap":{},"s":{"0":0,"1":0,"2":0,"3":0,"4":0,"5":0},"f":{},"b":{}}
,"/home/rush/Coding/react-pokemon-showroom/src/components/BackToIndex.tsx": {"path":"/home/rush/Coding/react-pokemon-showroom/src/components/BackToIndex.tsx","statementMap":{"0":{"start":{"line":1,"column":0},"end":{"line":1,"column":40}},"1":{"start":{"line":3,"column":20},"end":{"line":11,"column":1}},"2":{"start":{"line":4,"column":1},"end":{"line":10,"column":3}},"3":{"start":{"line":13,"column":0},"end":{"line":13,"column":27}}},"fnMap":{"0":{"name":"(anonymous_0)","decl":{"start":{"line":3,"column":20},"end":{"line":3,"column":23}},"loc":{"start":{"line":3,"column":25},"end":{"line":11,"column":1}}}},"branchMap":{},"s":{"0":3,"1":3,"2":2,"3":3},"f":{"0":2},"b":{}}
,"/home/rush/Coding/react-pokemon-showroom/src/components/Layout.tsx": {"path":"/home/rush/Coding/react-pokemon-showroom/src/components/Layout.tsx","statementMap":{"0":{"start":{"line":1,"column":0},"end":{"line":1,"column":48}},"1":{"start":{"line":3,"column":15},"end":{"line":19,"column":1}},"2":{"start":{"line":4,"column":1},"end":{"line":18,"column":3}},"3":{"start":{"line":21,"column":0},"end":{"line":21,"column":22}}},"fnMap":{"0":{"name":"(anonymous_0)","decl":{"start":{"line":3,"column":15},"end":{"line":3,"column":18}},"loc":{"start":{"line":3,"column":20},"end":{"line":19,"column":1}}}},"branchMap":{},"s":{"0":0,"1":0,"2":0,"3":0},"f":{"0":0},"b":{}}
,"/home/rush/Coding/react-pokemon-showroom/src/features/pokemon-showroom/index.ts": {"path":"/home/rush/Coding/react-pokemon-showroom/src/features/pokemon-showroom/index.ts","statementMap":{"0":{"start":{"line":1,"column":0},"end":{"line":1,"column":7}},"1":{"start":{"line":3,"column":9},"end":{"line":1,"column":59}}},"fnMap":{},"branchMap":{},"s":{"0":1,"1":1},"f":{},"b":{}}
,"/home/rush/Coding/react-pokemon-showroom/src/features/pokemon-showroom/components/PokemonShowroom.tsx": {"path":"/home/rush/Coding/react-pokemon-showroom/src/features/pokemon-showroom/components/PokemonShowroom.tsx","statementMap":{"0":{"start":{"line":1,"column":0},"end":{"line":1,"column":42}},"1":{"start":{"line":2,"column":0},"end":{"line":2,"column":null}},"2":{"start":{"line":7,"column":0},"end":{"line":7,"column":42}},"3":{"start":{"line":8,"column":0},"end":{"line":8,"column":null}},"4":{"start":{"line":13,"column":0},"end":{"line":13,"column":58}},"5":{"start":{"line":21,"column":22},"end":{"line":21,"column":37}},"6":{"start":{"line":22,"column":18},"end":{"line":22,"column":44}},"7":{"start":{"line":23,"column":47},"end":{"line":24,"column":null}},"8":{"start":{"line":24,"column":24},"end":{"line":24,"column":50}},"9":{"start":{"line":26,"column":1},"end":{"line":63,"column":3}},"10":{"start":{"line":32,"column":5},"end":{"line":37,"column":7}},"11":{"start":{"line":44,"column":38},"end":{"line":46,"column":null}},"12":{"start":{"line":49,"column":6},"end":{"line":49,"column":60}},"13":{"start":{"line":51,"column":6},"end":{"line":55,"column":8}},"14":{"start":{"line":66,"column":0},"end":{"line":66,"column":31}}},"fnMap":{"0":{"name":"PokemonShowroom","decl":{"start":{"line":20,"column":9},"end":{"line":20,"column":24}},"loc":{"start":{"line":20,"column":52},"end":{"line":64,"column":1}}},"1":{"name":"(anonymous_1)","decl":{"start":{"line":24,"column":2},"end":{"line":24,"column":3}},"loc":{"start":{"line":24,"column":24},"end":{"line":24,"column":50}}},"2":{"name":"(anonymous_2)","decl":{"start":{"line":31,"column":22},"end":{"line":31,"column":23}},"loc":{"start":{"line":31,"column":49},"end":{"line":38,"column":5}}},"3":{"name":"(anonymous_3)","decl":{"start":{"line":43,"column":14},"end":{"line":43,"column":19}},"loc":{"start":{"line":43,"column":25},"end":{"line":56,"column":6}}}},"branchMap":{},"s":{"0":2,"1":2,"2":2,"3":2,"4":2,"5":2,"6":2,"7":2,"8":4,"9":2,"10":6,"11":1,"12":1,"13":1,"14":2},"f":{"0":2,"1":4,"2":6,"3":1},"b":{}}
,"/home/rush/Coding/react-pokemon-showroom/src/features/search-pokemon/index.ts": {"path":"/home/rush/Coding/react-pokemon-showroom/src/features/search-pokemon/index.ts","statementMap":{"0":{"start":{"line":1,"column":0},"end":{"line":1,"column":7}},"1":{"start":{"line":3,"column":9},"end":{"line":1,"column":55}}},"fnMap":{},"branchMap":{},"s":{"0":1,"1":1},"f":{},"b":{}}
,"/home/rush/Coding/react-pokemon-showroom/src/features/search-pokemon/components/SearchPokemon.tsx": {"path":"/home/rush/Coding/react-pokemon-showroom/src/features/search-pokemon/components/SearchPokemon.tsx","statementMap":{"0":{"start":{"line":1,"column":0},"end":{"line":1,"column":55}},"1":{"start":{"line":3,"column":0},"end":{"line":3,"column":44}},"2":{"start":{"line":4,"column":0},"end":{"line":4,"column":26}},"3":{"start":{"line":5,"column":0},"end":{"line":5,"column":55}},"4":{"start":{"line":6,"column":0},"end":{"line":6,"column":66}},"5":{"start":{"line":7,"column":0},"end":{"line":7,"column":61}},"6":{"start":{"line":8,"column":0},"end":{"line":8,"column":58}},"7":{"start":{"line":10,"column":0},"end":{"line":10,"column":64}},"8":{"start":{"line":13,"column":25},"end":{"line":14,"column":null}},"9":{"start":{"line":14,"column":24},"end":{"line":14,"column":45}},"10":{"start":{"line":16,"column":18},"end":{"line":16,"column":44}},"11":{"start":{"line":17,"column":43},"end":{"line":17,"column":55}},"12":{"start":{"line":18,"column":57},"end":{"line":18,"column":72}},"13":{"start":{"line":20,"column":1},"end":{"line":35,"column":23}},"14":{"start":{"line":21,"column":2},"end":{"line":23,"column":3}},"15":{"start":{"line":22,"column":3},"end":{"line":22,"column":24}},"16":{"start":{"line":25,"column":2},"end":{"line":34,"column":7}},"17":{"start":{"line":26,"column":3},"end":{"line":26,"column":33}},"18":{"start":{"line":27,"column":3},"end":{"line":33,"column":4}},"19":{"start":{"line":28,"column":21},"end":{"line":29,"column":null}},"20":{"start":{"line":31,"column":4},"end":{"line":31,"column":49}},"21":{"start":{"line":32,"column":4},"end":{"line":32,"column":35}},"22":{"start":{"line":37,"column":23},"end":{"line":45,"column":2}},"23":{"start":{"line":38,"column":2},"end":{"line":43,"column":3}},"24":{"start":{"line":39,"column":3},"end":{"line":41,"column":4}},"25":{"start":{"line":40,"column":4},"end":{"line":40,"column":26}},"26":{"start":{"line":42,"column":3},"end":{"line":42,"column":23}},"27":{"start":{"line":44,"column":2},"end":{"line":44,"column":23}},"28":{"start":{"line":47,"column":1},"end":{"line":84,"column":3}},"29":{"start":{"line":73,"column":7},"end":{"line":73,"column":47}},"30":{"start":{"line":87,"column":0},"end":{"line":87,"column":29}}},"fnMap":{"0":{"name":"SearchPokemon","decl":{"start":{"line":12,"column":9},"end":{"line":12,"column":22}},"loc":{"start":{"line":12,"column":22},"end":{"line":85,"column":1}}},"1":{"name":"(anonymous_1)","decl":{"start":{"line":14,"column":2},"end":{"line":14,"column":3}},"loc":{"start":{"line":14,"column":24},"end":{"line":14,"column":45}}},"2":{"name":"(anonymous_2)","decl":{"start":{"line":20,"column":11},"end":{"line":20,"column":14}},"loc":{"start":{"line":20,"column":16},"end":{"line":35,"column":2}}},"3":{"name":"(anonymous_3)","decl":{"start":{"line":25,"column":3},"end":{"line":25,"column":8}},"loc":{"start":{"line":25,"column":14},"end":{"line":34,"column":3}}},"4":{"name":"(anonymous_4)","decl":{"start":{"line":37,"column":23},"end":{"line":37,"column":24}},"loc":{"start":{"line":37,"column":57},"end":{"line":45,"column":2}}},"5":{"name":"(anonymous_5)","decl":{"start":{"line":72,"column":16},"end":{"line":72,"column":17}},"loc":{"start":{"line":72,"column":20},"end":{"line":74,"column":7}}}},"branchMap":{"0":{"loc":{"start":{"line":21,"column":2},"end":{"line":23,"column":3}},"type":"if","locations":[{"start":{"line":21,"column":2},"end":{"line":23,"column":3}}]},"1":{"loc":{"start":{"line":27,"column":3},"end":{"line":33,"column":4}},"type":"if","locations":[{"start":{"line":27,"column":3},"end":{"line":33,"column":4}}]},"2":{"loc":{"start":{"line":38,"column":2},"end":{"line":43,"column":3}},"type":"if","locations":[{"start":{"line":38,"column":2},"end":{"line":43,"column":3}}]},"3":{"loc":{"start":{"line":39,"column":3},"end":{"line":41,"column":4}},"type":"if","locations":[{"start":{"line":39,"column":3},"end":{"line":41,"column":4}}]},"4":{"loc":{"start":{"line":63,"column":6},"end":{"line":65,"column":21}},"type":"cond-expr","locations":[{"start":{"line":64,"column":8},"end":{"line":64,"column":46}},{"start":{"line":65,"column":8},"end":{"line":65,"column":21}}]}},"s":{"0":1,"1":1,"2":1,"3":1,"4":1,"5":1,"6":1,"7":1,"8":0,"9":0,"10":0,"11":0,"12":0,"13":0,"14":0,"15":0,"16":0,"17":0,"18":0,"19":0,"20":0,"21":0,"22":0,"23":0,"24":0,"25":0,"26":0,"27":0,"28":0,"29":0,"30":1},"f":{"0":0,"1":0,"2":0,"3":0,"4":0,"5":0},"b":{"0":[0],"1":[0],"2":[0],"3":[0],"4":[0,0]}}
,"/home/rush/Coding/react-pokemon-showroom/src/stores/index.ts": {"path":"/home/rush/Coding/react-pokemon-showroom/src/stores/index.ts","statementMap":{"0":{"start":{"line":1,"column":0},"end":{"line":1,"column":50}},"1":{"start":{"line":2,"column":0},"end":{"line":2,"column":57}},"2":{"start":{"line":3,"column":0},"end":{"line":3,"column":62}},"3":{"start":{"line":5,"column":14},"end":{"line":10,"column":2}},"4":{"start":{"line":18,"column":0},"end":{"line":18,"column":21}}},"fnMap":{},"branchMap":{},"s":{"0":0,"1":0,"2":0,"3":0,"4":0},"f":{},"b":{}}
,"/home/rush/Coding/react-pokemon-showroom/src/stores/pokemonShowroom.ts": {"path":"/home/rush/Coding/react-pokemon-showroom/src/stores/pokemonShowroom.ts","statementMap":{"0":{"start":{"line":1,"column":0},"end":{"line":1,"column":80}},"1":{"start":{"line":2,"column":0},"end":{"line":2,"column":75}},"2":{"start":{"line":3,"column":0},"end":{"line":3,"column":45}},"3":{"start":{"line":28,"column":21},"end":{"line":31,"column":2}},"4":{"start":{"line":33,"column":13},"end":{"line":45,"column":2}},"5":{"start":{"line":36,"column":22},"end":{"line":36,"column":63}},"6":{"start":{"line":36,"column":51},"end":{"line":36,"column":62}},"7":{"start":{"line":38,"column":18},"end":{"line":40,"column":4}},"8":{"start":{"line":39,"column":3},"end":{"line":39,"column":31}},"9":{"start":{"line":42,"column":43},"end":{"line":42,"column":69}},"10":{"start":{"line":43,"column":2},"end":{"line":43,"column":52}},"11":{"start":{"line":43,"column":39},"end":{"line":43,"column":50}},"12":{"start":{"line":47,"column":13},"end":{"line":77,"column":3}},"13":{"start":{"line":52,"column":3},"end":{"line":52,"column":46}},"14":{"start":{"line":53,"column":3},"end":{"line":53,"column":16}},"15":{"start":{"line":57,"column":2},"end":{"line":75,"column":5}},"16":{"start":{"line":58,"column":38},"end":{"line":58,"column":52}},"17":{"start":{"line":61,"column":4},"end":{"line":70,"column":6}},"18":{"start":{"line":62,"column":52},"end":{"line":67,"column":7}},"19":{"start":{"line":69,"column":5},"end":{"line":69,"column":31}},"20":{"start":{"line":72,"column":4},"end":{"line":74,"column":5}},"21":{"start":{"line":79,"column":29},"end":{"line":79,"column":54}},"22":{"start":{"line":82,"column":9},"end":{"line":82,"column":16}},"23":{"start":{"line":81,"column":15},"end":{"line":81,"column":46}}},"fnMap":{"0":{"name":"(anonymous_0)","decl":{"start":{"line":35,"column":1},"end":{"line":35,"column":6}},"loc":{"start":{"line":35,"column":56},"end":{"line":44,"column":2}}},"1":{"name":"(anonymous_1)","decl":{"start":{"line":36,"column":40},"end":{"line":36,"column":47}},"loc":{"start":{"line":36,"column":51},"end":{"line":36,"column":62}}},"2":{"name":"(anonymous_2)","decl":{"start":{"line":38,"column":34},"end":{"line":38,"column":37}},"loc":{"start":{"line":38,"column":40},"end":{"line":40,"column":3}}},"3":{"name":"(anonymous_3)","decl":{"start":{"line":43,"column":29},"end":{"line":43,"column":35}},"loc":{"start":{"line":43,"column":39},"end":{"line":43,"column":50}}},"4":{"name":"(anonymous_4)","decl":{"start":{"line":51,"column":2},"end":{"line":51,"column":20}},"loc":{"start":{"line":51,"column":57},"end":{"line":54,"column":3}}},"5":{"name":"(anonymous_5)","decl":{"start":{"line":56,"column":16},"end":{"line":56,"column":23}},"loc":{"start":{"line":56,"column":26},"end":{"line":76,"column":2}}},"6":{"name":"(anonymous_6)","decl":{"start":{"line":57,"column":55},"end":{"line":57,"column":56}},"loc":{"start":{"line":57,"column":73},"end":{"line":75,"column":3}}},"7":{"name":"(anonymous_7)","decl":{"start":{"line":61,"column":35},"end":{"line":61,"column":49}},"loc":{"start":{"line":61,"column":52},"end":{"line":70,"column":5}}}},"branchMap":{"0":{"loc":{"start":{"line":39,"column":20},"end":{"line":39,"column":29}},"type":"binary-expr","locations":[{"start":{"line":39,"column":20},"end":{"line":39,"column":23}},{"start":{"line":39,"column":27},"end":{"line":39,"column":29}}]}},"s":{"0":2,"1":2,"2":2,"3":2,"4":2,"5":1,"6":3,"7":1,"8":3,"9":1,"10":0,"11":0,"12":2,"13":0,"14":0,"15":0,"16":0,"17":0,"18":0,"19":0,"20":0,"21":2,"22":2,"23":2},"f":{"0":1,"1":3,"2":3,"3":0,"4":0,"5":0,"6":0,"7":0},"b":{"0":[3,0]}}
,"/home/rush/Coding/react-pokemon-showroom/src/stores/searchedPokemon.ts": {"path":"/home/rush/Coding/react-pokemon-showroom/src/stores/searchedPokemon.ts","statementMap":{"0":{"start":{"line":1,"column":0},"end":{"line":1,"column":62}},"1":{"start":{"line":2,"column":0},"end":{"line":2,"column":55}},"2":{"start":{"line":4,"column":13},"end":{"line":17,"column":3}},"3":{"start":{"line":9,"column":27},"end":{"line":11,"column":7}},"4":{"start":{"line":10,"column":15},"end":{"line":10,"column":46}},"5":{"start":{"line":13,"column":16},"end":{"line":13,"column":43}},"6":{"start":{"line":14,"column":3},"end":{"line":14,"column":15}},"7":{"start":{"line":19,"column":29},"end":{"line":19,"column":49}},"8":{"start":{"line":22,"column":9},"end":{"line":22,"column":16}},"9":{"start":{"line":21,"column":15},"end":{"line":21,"column":41}}},"fnMap":{"0":{"name":"(anonymous_0)","decl":{"start":{"line":8,"column":2},"end":{"line":8,"column":15}},"loc":{"start":{"line":8,"column":48},"end":{"line":15,"column":3}}},"1":{"name":"(anonymous_1)","decl":{"start":{"line":10,"column":4},"end":{"line":10,"column":11}},"loc":{"start":{"line":10,"column":15},"end":{"line":10,"column":46}}}},"branchMap":{"0":{"loc":{"start":{"line":13,"column":16},"end":{"line":13,"column":43}},"type":"binary-expr","locations":[{"start":{"line":13,"column":16},"end":{"line":13,"column":37}},{"start":{"line":13,"column":41},"end":{"line":13,"column":43}}]}},"s":{"0":1,"1":1,"2":1,"3":0,"4":0,"5":0,"6":0,"7":1,"8":1,"9":1},"f":{"0":0,"1":0},"b":{"0":[0,0]}}
,"/home/rush/Coding/react-pokemon-showroom/src/utils/index.ts": {"path":"/home/rush/Coding/react-pokemon-showroom/src/utils/index.ts","statementMap":{"0":{"start":{"line":4,"column":1},"end":{"line":4,"column":53}},"1":{"start":{"line":3,"column":0},"end":{"line":3,"column":16}},"2":{"start":{"line":12,"column":2},"end":{"line":12,"column":51}},"3":{"start":{"line":14,"column":1},"end":{"line":14,"column":34}},"4":{"start":{"line":7,"column":0},"end":{"line":7,"column":16}}},"fnMap":{"0":{"name":"capitalizeFirstLetter","decl":{"start":{"line":3,"column":16},"end":{"line":3,"column":37}},"loc":{"start":{"line":3,"column":50},"end":{"line":5,"column":1}}},"1":{"name":"getMoreThreePokemonsProfiles","decl":{"start":{"line":7,"column":16},"end":{"line":7,"column":44}},"loc":{"start":{"line":9,"column":30},"end":{"line":15,"column":1}}}},"branchMap":{},"s":{"0":6,"1":3,"2":0,"3":0,"4":3},"f":{"0":6,"1":0},"b":{}}
}
