TN:
SF:src/App.tsx
FN:19,App
FNF:1
FNH:0
FNDA:0,App
DA:1,0
DA:2,0
DA:3,0
DA:4,0
DA:5,0
DA:6,0
DA:7,0
DA:8,0
DA:10,0
DA:20,0
DA:27,0
LF:11
LH:0
BRF:0
BRH:0
end_of_record
TN:
SF:src/main.tsx
FNF:0
FNH:0
DA:1,0
DA:2,0
DA:3,0
DA:4,0
DA:5,0
DA:7,0
LF:6
LH:0
BRF:0
BRH:0
end_of_record
TN:
SF:src/__test__/data/pokemonShowroom/index.ts
FNF:0
FNH:0
DA:1,1
DA:122,1
DA:128,1
DA:134,1
DA:140,1
LF:5
LH:5
BRF:0
BRH:0
end_of_record
TN:
SF:src/components/BackToIndex.tsx
FN:3,(anonymous_0)
FNF:1
FNH:1
FNDA:2,(anonymous_0)
DA:1,3
DA:3,3
DA:4,2
DA:13,3
LF:4
LH:4
BRF:0
BRH:0
end_of_record
TN:
SF:src/components/Layout.tsx
FN:3,(anonymous_0)
FNF:1
FNH:0
FNDA:0,(anonymous_0)
DA:1,0
DA:3,0
DA:4,0
DA:21,0
LF:4
LH:0
BRF:0
BRH:0
end_of_record
TN:
SF:src/data/gen-1-pokemons.ts
FNF:0
FNH:0
DA:1,3
LF:1
LH:1
BRF:0
BRH:0
end_of_record
TN:
SF:src/data/initialShowroomPokemons.ts
FNF:0
FNH:0
DA:1,3
LF:1
LH:1
BRF:0
BRH:0
end_of_record
TN:
SF:src/features/pokemon-showroom/index.ts
FNF:0
FNH:0
DA:1,1
DA:3,1
LF:2
LH:2
BRF:0
BRH:0
end_of_record
TN:
SF:src/features/pokemon-showroom/components/PokemonShowroom.tsx
FN:20,PokemonShowroom
FN:24,(anonymous_1)
FN:31,(anonymous_2)
FN:43,(anonymous_3)
FNF:4
FNH:4
FNDA:2,PokemonShowroom
FNDA:4,(anonymous_1)
FNDA:6,(anonymous_2)
FNDA:1,(anonymous_3)
DA:1,2
DA:2,2
DA:7,2
DA:8,2
DA:13,2
DA:21,2
DA:22,2
DA:23,2
DA:24,4
DA:26,2
DA:32,6
DA:44,1
DA:49,1
DA:51,1
DA:66,2
LF:15
LH:15
BRF:0
BRH:0
end_of_record
TN:
SF:src/features/search-pokemon/index.ts
FNF:0
FNH:0
DA:1,1
DA:3,1
LF:2
LH:2
BRF:0
BRH:0
end_of_record
TN:
SF:src/features/search-pokemon/components/SearchPokemon.tsx
FN:12,SearchPokemon
FN:14,(anonymous_1)
FN:20,(anonymous_2)
FN:25,(anonymous_3)
FN:37,(anonymous_4)
FN:72,(anonymous_5)
FNF:6
FNH:0
FNDA:0,SearchPokemon
FNDA:0,(anonymous_1)
FNDA:0,(anonymous_2)
FNDA:0,(anonymous_3)
FNDA:0,(anonymous_4)
FNDA:0,(anonymous_5)
DA:1,1
DA:3,1
DA:4,1
DA:5,1
DA:6,1
DA:7,1
DA:8,1
DA:10,1
DA:13,0
DA:14,0
DA:16,0
DA:17,0
DA:18,0
DA:20,0
DA:21,0
DA:22,0
DA:25,0
DA:26,0
DA:27,0
DA:28,0
DA:31,0
DA:32,0
DA:37,0
DA:38,0
DA:39,0
DA:40,0
DA:42,0
DA:44,0
DA:47,0
DA:73,0
DA:87,1
LF:31
LH:9
BRDA:21,0,0,0
BRDA:27,1,0,0
BRDA:38,2,0,0
BRDA:39,3,0,0
BRDA:63,4,0,0
BRDA:63,4,1,0
BRF:6
BRH:0
end_of_record
TN:
SF:src/store/index.ts
FNF:0
FNH:0
DA:1,1
DA:2,1
DA:3,1
DA:5,1
DA:18,1
LF:5
LH:5
BRF:0
BRH:0
end_of_record
TN:
SF:src/store/pokemonShowroom.ts
FN:35,(anonymous_0)
FN:36,(anonymous_1)
FN:38,(anonymous_2)
FN:43,(anonymous_3)
FN:51,(anonymous_4)
FN:56,(anonymous_5)
FN:57,(anonymous_6)
FN:61,(anonymous_7)
FNF:8
FNH:8
FNDA:3,(anonymous_0)
FNDA:9,(anonymous_1)
FNDA:9,(anonymous_2)
FNDA:5,(anonymous_3)
FNDA:1,(anonymous_4)
FNDA:1,(anonymous_5)
FNDA:1,(anonymous_6)
FNDA:3,(anonymous_7)
DA:1,3
DA:2,3
DA:3,3
DA:28,3
DA:33,3
DA:36,9
DA:38,3
DA:39,9
DA:42,3
DA:43,5
DA:47,3
DA:52,1
DA:53,1
DA:57,1
DA:58,1
DA:61,1
DA:62,3
DA:69,3
DA:72,1
DA:79,3
DA:81,3
DA:82,3
LF:22
LH:22
BRDA:39,0,0,9
BRDA:39,0,1,3
BRF:2
BRH:2
end_of_record
TN:
SF:src/store/searchedPokemon.ts
FN:8,(anonymous_0)
FN:10,(anonymous_1)
FNF:2
FNH:0
FNDA:0,(anonymous_0)
FNDA:0,(anonymous_1)
DA:1,2
DA:2,2
DA:4,2
DA:9,0
DA:10,0
DA:13,0
DA:14,0
DA:19,2
DA:21,2
DA:22,2
LF:10
LH:6
BRDA:13,0,0,0
BRDA:13,0,1,0
BRF:2
BRH:0
end_of_record
TN:
SF:src/utils/index.ts
FN:3,capitalizeFirstLetter
FN:7,getMoreThreePokemonsProfiles
FNF:2
FNH:2
FNDA:7,capitalizeFirstLetter
FNDA:1,getMoreThreePokemonsProfiles
DA:3,4
DA:4,7
DA:7,4
DA:12,1
DA:14,1
LF:5
LH:5
BRF:0
BRH:0
end_of_record
